<?xml version="1.0" encoding="UTF-8"?>
<!-- Generated by org.testng.reporters.JUnitReportReporter -->
<testsuite hostname="hclch0252.ap.elcompanies.net" name="com.selenium.training.Login" tests="1" failures="0" timestamp="9 Apr 2020 12:04:12 GMT" time="25.592" errors="0">
  <testcase name="launch" time="25.592" classname="com.selenium.training.Login"/>
</testsuite> <!-- com.selenium.training.Login -->
