<?xml version="1.0" encoding="UTF-8"?>
<!-- Generated by org.testng.reporters.JUnitReportReporter -->
<testsuite hostname="hee010957.eu.elcompanies.net" name="com.selenium.training.ExecutionMethods" tests="3" failures="0" timestamp="7 Apr 2020 10:04:54 GMT" time="0.027" errors="0">
  <testcase name="secondTest" time="0.017" classname="com.selenium.training.ExecutionMethods"/>
  <testcase name="firstTest" time="0.007" classname="com.selenium.training.ExecutionMethods"/>
  <testcase name="thirdTest" time="0.003" classname="com.selenium.training.ExecutionMethods"/>
</testsuite> <!-- com.selenium.training.ExecutionMethods -->
